# JRE version: Java(TM) SE Runtime Environment (12.0.2+10) (build 12.0.2+10)
# Java VM: Java HotSpot(TM) 64-Bit Server VM (12.0.2+10, mixed mode, sharing, tiered, compressed oops, g1 gc, windows-amd64)
Heap:
 garbage-first heap   total 420864K, used 258624K [0x0000000080000000, 0x0000000100000000)
  region size 1024K, 63 young (64512K), 18 survivors (18432K)
 Metaspace       used 84146K, capacity 90406K, committed 90492K, reserved 1126400K
  class space    used 11332K, capacity 13638K, committed 13696K, reserved 1048576K
GC Heap History (10 events):
Event: 116.535 GC heap before
{Heap before GC invocations=99 (full 0):
 garbage-first heap   total 420864K, used 279845K [0x0000000080000000, 0x0000000100000000)
  region size 1024K, 106 young (108544K), 8 survivors (8192K)
 Metaspace       used 80746K, capacity 86922K, committed 87036K, reserved 1122304K
  class space    used 10944K, capacity 13202K, committed 13312K, reserved 1048576K
}
Event: 116.561 GC heap after
{Heap after GC invocations=100 (full 0):
 garbage-first heap   total 420864K, used 183833K [0x0000000080000000, 0x0000000100000000)
  region size 1024K, 12 young (12288K), 12 survivors (12288K)
 Metaspace       used 80746K, capacity 86922K, committed 87036K, reserved 1122304K
  class space    used 10944K, capacity 13202K, committed 13312K, reserved 1048576K
}
Event: 124.218 GC heap before
{Heap before GC invocations=100 (full 0):
 garbage-first heap   total 420864K, used 322073K [0x0000000080000000, 0x0000000100000000)
  region size 1024K, 147 young (150528K), 12 survivors (12288K)
 Metaspace       used 80746K, capacity 86922K, committed 87036K, reserved 1122304K
  class space    used 10944K, capacity 13202K, committed 13312K, reserved 1048576K
}
Event: 124.290 GC heap after
{Heap after GC invocations=101 (full 0):
 garbage-first heap   total 420864K, used 191270K [0x0000000080000000, 0x0000000100000000)
  region size 1024K, 15 young (15360K), 15 survivors (15360K)
 Metaspace       used 80746K, capacity 86922K, committed 87036K, reserved 1122304K
  class space    used 10944K, capacity 13202K, committed 13312K, reserved 1048576K
}
Event: 127.123 GC heap before
{Heap before GC invocations=101 (full 0):
 garbage-first heap   total 420864K, used 325414K [0x0000000080000000, 0x0000000100000000)
  region size 1024K, 146 young (149504K), 15 survivors (15360K)
 Metaspace       used 80746K, capacity 86922K, committed 87036K, reserved 1122304K
  class space    used 10944K, capacity 13202K, committed 13312K, reserved 1048576K
}
Event: 127.177 GC heap after
{Heap after GC invocations=102 (full 0):
 garbage-first heap   total 420864K, used 196955K [0x0000000080000000, 0x0000000100000000)
  region size 1024K, 16 young (16384K), 16 survivors (16384K)
 Metaspace       used 80746K, capacity 86922K, committed 87036K, reserved 1122304K
  class space    used 10944K, capacity 13202K, committed 13312K, reserved 1048576K
}
Event: 133.375 GC heap before
{Heap before GC invocations=102 (full 0):
 garbage-first heap   total 420864K, used 333147K [0x0000000080000000, 0x0000000100000000)
  region size 1024K, 149 young (152576K), 16 survivors (16384K)
 Metaspace       used 80756K, capacity 86922K, committed 87036K, reserved 1122304K
  class space    used 10944K, capacity 13202K, committed 13312K, reserved 1048576K
}
Event: 133.467 GC heap after
{Heap after GC invocations=103 (full 0):
 garbage-first heap   total 420864K, used 202086K [0x0000000080000000, 0x0000000100000000)
  region size 1024K, 14 young (14336K), 14 survivors (14336K)
 Metaspace       used 80756K, capacity 86922K, committed 87036K, reserved 1122304K
  class space    used 10944K, capacity 13202K, committed 13312K, reserved 1048576K
}
Event: 163.059 GC heap before
{Heap before GC invocations=103 (full 0):
 garbage-first heap   total 420864K, used 379238K [0x0000000080000000, 0x0000000100000000)
  region size 1024K, 147 young (150528K), 14 survivors (14336K)
 Metaspace       used 82885K, capacity 89233K, committed 89340K, reserved 1124352K
  class space    used 11176K, capacity 13495K, committed 13568K, reserved 1048576K
}
Event: 163.578 GC heap after
{Heap after GC invocations=104 (full 0):
 garbage-first heap   total 420864K, used 213568K [0x0000000080000000, 0x0000000100000000)
  region size 1024K, 18 young (18432K), 18 survivors (18432K)
 Metaspace       used 82885K, capacity 89233K, committed 89340K, reserved 1124352K
  class space    used 11176K, capacity 13495K, committed 13568K, reserved 1048576K
}

